<?xml version="1.0" encoding="UTF-8"?>
<!-- Generated by org.testng.reporters.JUnitReportReporter -->
<testsuite hostname="DESKTOP-0I8AHN0" failures="0" tests="1" name="tokopediaTest.TokopediaTest" time="10.290" errors="0" timestamp="2022-09-28T18:09:00 WIB" skipped="0">
  <testcase classname="tokopediaTest.TokopediaTest" name="scrollTest" time="10.290"/>
  <system-out/>
</testsuite> <!-- tokopediaTest.TokopediaTest -->
